2025.07.07 20:37:24 INFO  Started: Metals version 1.6.0 in folders '/home/csalhab/Desktop/projet-docker/flowtrack' for client Visual Studio Code 1.101.2.[0m
2025.07.07 22:37:33 INFO  Shutting down server[0m
2025.07.07 22:37:33 INFO  shutting down Metals[0m
2025.07.07 22:37:33 INFO  Exiting server[0m
2025.07.07 22:37:33 ERROR Unexpected error initializing server: 
org.eclipse.lsp4j.jsonrpc.ResponseErrorException: Request window/showMessageRequest failed with message: Canceled
	at org.eclipse.lsp4j.jsonrpc.RemoteEndpoint.handleResponse(RemoteEndpoint.java:220)
	at org.eclipse.lsp4j.jsonrpc.RemoteEndpoint.consume(RemoteEndpoint.java:204)
	at org.eclipse.lsp4j.jsonrpc.json.StreamMessageProducer.handleMessage(StreamMessageProducer.java:185)
	at org.eclipse.lsp4j.jsonrpc.json.StreamMessageProducer.listen(StreamMessageProducer.java:97)
	at org.eclipse.lsp4j.jsonrpc.json.ConcurrentMessageProcessor.run(ConcurrentMessageProcessor.java:114)
	at java.util.concurrent.Executors$RunnableAdapter.call(Executors.java:539)
	at java.util.concurrent.FutureTask.run(FutureTask.java:264)
	at java.util.concurrent.ThreadPoolExecutor.runWorker(ThreadPoolExecutor.java:1136)
	at java.util.concurrent.ThreadPoolExecutor$Worker.run(ThreadPoolExecutor.java:635)
	at java.lang.Thread.run(Thread.java:840)
[0m
2025.07.09 21:43:18 INFO  Started: Metals version 1.6.0 in folders '/home/csalhab/Desktop/projet-docker/flowtrack' for client Visual Studio Code 1.101.2.[0m
2025.07.09 21:43:30 INFO  no build target found for /home/csalhab/Desktop/projet-docker/flowtrack/src/main/scala/com/goamegah/flowtrack/MainApp.scala. Using presentation compiler with project's scala-library version: 3.3.6[0m
2025.07.09 21:43:32 INFO  no build target found for /home/csalhab/Desktop/projet-docker/flowtrack/src/main/scala/com/goamegah/flowtrack/MainApp.scala. Using presentation compiler with project's scala-library version: 3.3.6[0m
2025.07.09 21:43:34 INFO  no build target found for /home/csalhab/Desktop/projet-docker/flowtrack/src/main/scala/com/goamegah/flowtrack/MainApp.scala. Using presentation compiler with project's scala-library version: 3.3.6[0m
2025.07.09 21:43:34 INFO  no build target found for /home/csalhab/Desktop/projet-docker/flowtrack/src/main/scala/com/goamegah/flowtrack/transform/TrafficFeatsSelector.scala. Using presentation compiler with project's scala-library version: 3.3.6[0m
2025.07.09 21:43:34 INFO  no build target found for /home/csalhab/Desktop/projet-docker/flowtrack/src/main/scala/com/goamegah/flowtrack/transform/TrafficFeatsSelector.scala. Using presentation compiler with project's scala-library version: 3.3.6[0m
2025.07.09 21:43:35 INFO  no build target found for /home/csalhab/Desktop/projet-docker/flowtrack/src/main/scala/com/goamegah/flowtrack/transform/TrafficFeatsSelector.scala. Using presentation compiler with project's scala-library version: 3.3.6[0m
2025.07.09 21:43:35 INFO  no build target found for /home/csalhab/Desktop/projet-docker/flowtrack/src/main/scala/com/goamegah/flowtrack/transform/TrafficStatsAggregator.scala. Using presentation compiler with project's scala-library version: 3.3.6[0m
2025.07.09 21:43:35 INFO  no build target found for /home/csalhab/Desktop/projet-docker/flowtrack/src/main/scala/com/goamegah/flowtrack/transform/TrafficStatsAggregator.scala. Using presentation compiler with project's scala-library version: 3.3.6[0m
2025.07.09 21:44:00 WARN  no build target for: /home/csalhab/Desktop/projet-docker/flowtrack/src/main/scala/com/goamegah/flowtrack/transform/TrafficStatsAggregator.scala[0m
2025.07.09 21:44:00 INFO  no build target found for /home/csalhab/Desktop/projet-docker/flowtrack/src/main/scala/com/goamegah/flowtrack/transform/TrafficStatsAggregator.scala. Using presentation compiler with project's scala-library version: 3.3.6[0m
2025.07.09 21:44:00 INFO  no build target found for /home/csalhab/Desktop/projet-docker/flowtrack/src/main/scala/com/goamegah/flowtrack/transform/TrafficStatsAggregator.scala. Using presentation compiler with project's scala-library version: 3.3.6[0m
2025.07.09 21:44:00 INFO  no build target found for /home/csalhab/Desktop/projet-docker/flowtrack/src/main/scala/com/goamegah/flowtrack/transform/TrafficStatsAggregator.scala. Using presentation compiler with project's scala-library version: 3.3.6[0m
2025.07.09 21:44:00 INFO  no build target found for /home/csalhab/Desktop/projet-docker/flowtrack/src/main/scala/com/goamegah/flowtrack/transform/TrafficStatsAggregator.scala. Using presentation compiler with project's scala-library version: 3.3.6[0m
